This file contains any messages produced by compilers while
running configure, to aid debugging if configure makes a mistake.

It was created by jabber.el configure 0.8.91, which was
generated by GNU Autoconf 2.65.  Invocation command line was

  $ ./configure --no-create --no-recursion

## --------- ##
## Platform. ##
## --------- ##

hostname = falcon2
uname -m = x86_64
uname -r = 2.6.32-39-generic
uname -s = Linux
uname -v = #86-Ubuntu SMP Mon Feb 13 21:50:08 UTC 2012

/usr/bin/uname -p = unknown
/bin/uname -X     = unknown

/bin/arch              = unknown
/usr/bin/arch -k       = unknown
/usr/convex/getsysinfo = unknown
/usr/bin/hostinfo      = unknown
/bin/machine           = unknown
/usr/bin/oslevel       = unknown
/bin/universe          = unknown

PATH: /usr/local/python/bin
PATH: /usr/local/cuda/bin
PATH: /usr/local/programs/bin
PATH: /home/xmonraz/bin
PATH: /usr/local/sbin
PATH: /usr/local/bin
PATH: /usr/sbin
PATH: /usr/bin
PATH: /sbin
PATH: /bin
PATH: /usr/games


## ----------- ##
## Core tests. ##
## ----------- ##

configure:1736: checking for a BSD-compatible install
configure:1804: result: /usr/bin/install -c
configure:1815: checking whether build environment is sane
configure:1865: result: yes
configure:2006: checking for a thread-safe mkdir -p
configure:2045: result: /bin/mkdir -p
configure:2058: checking for gawk
configure:2074: found /usr/bin/gawk
configure:2085: result: gawk
configure:2096: checking whether make sets $(MAKE)
configure:2118: result: yes
configure:2207: checking for emacs
configure:2223: found /usr/bin/emacs
configure:2234: result: emacs
configure:2258: checking where .elc files should go
configure:2271: $EMACS -batch -q -eval '(while load-path (princ (concat (car load-path) "\n")) (setq load-path (cdr load-path)))' </dev/null >conftest.out
Loading 00debian-vars...
Loading /etc/emacs/site-start.d/50autoconf.el (source)...
Loading /etc/emacs/site-start.d/50dictionaries-common.el (source)...
Loading debian-ispell...
Loading /var/cache/dictionaries-common/emacsen-ispell-default.el (source)...
Loading /var/cache/dictionaries-common/emacsen-ispell-dicts.el (source)...
Loading /etc/emacs/site-start.d/50git-core.el (source)...
Loading /etc/emacs/site-start.d/50psvn.el (source)...
configure:2274: $? = 0
configure:2287: result: ${datarootdir}/emacs/site-lisp
configure:2300: checking whether emacs has library sha1
configure:2308: $EMACS -batch -l conftest.el
Loading 00debian-vars...
Loading /etc/emacs/site-start.d/50autoconf.el (source)...
Loading /etc/emacs/site-start.d/50dictionaries-common.el (source)...
Loading debian-ispell...
Loading /var/cache/dictionaries-common/emacsen-ispell-default.el (source)...
Loading /var/cache/dictionaries-common/emacsen-ispell-dicts.el (source)...
Loading /etc/emacs/site-start.d/50git-core.el (source)...
Loading /etc/emacs/site-start.d/50psvn.el (source)...
configure:2311: $? = 0
configure:2319: result: yes
configure:2328: checking whether emacs has library sha1-el
configure:2336: $EMACS -batch -l conftest.el
Loading 00debian-vars...
Loading /etc/emacs/site-start.d/50autoconf.el (source)...
Loading /etc/emacs/site-start.d/50dictionaries-common.el (source)...
Loading debian-ispell...
Loading /var/cache/dictionaries-common/emacsen-ispell-default.el (source)...
Loading /var/cache/dictionaries-common/emacsen-ispell-dicts.el (source)...
Loading /etc/emacs/site-start.d/50git-core.el (source)...
Loading /etc/emacs/site-start.d/50psvn.el (source)...
Cannot open load file: sha1-el
configure:2339: $? = 255
configure:2347: result: no
configure:2356: checking whether emacs has library hex-util
configure:2364: $EMACS -batch -l conftest.el
Loading 00debian-vars...
Loading /etc/emacs/site-start.d/50autoconf.el (source)...
Loading /etc/emacs/site-start.d/50dictionaries-common.el (source)...
Loading debian-ispell...
Loading /var/cache/dictionaries-common/emacsen-ispell-default.el (source)...
Loading /var/cache/dictionaries-common/emacsen-ispell-dicts.el (source)...
Loading /etc/emacs/site-start.d/50git-core.el (source)...
Loading /etc/emacs/site-start.d/50psvn.el (source)...
configure:2367: $? = 0
configure:2375: result: yes
configure:2384: checking whether emacs has library hexrgb
configure:2392: $EMACS -batch -l conftest.el
Loading 00debian-vars...
Loading /etc/emacs/site-start.d/50autoconf.el (source)...
Loading /etc/emacs/site-start.d/50dictionaries-common.el (source)...
Loading debian-ispell...
Loading /var/cache/dictionaries-common/emacsen-ispell-default.el (source)...
Loading /var/cache/dictionaries-common/emacsen-ispell-dicts.el (source)...
Loading /etc/emacs/site-start.d/50git-core.el (source)...
Loading /etc/emacs/site-start.d/50psvn.el (source)...
Cannot open load file: hexrgb
configure:2395: $? = 255
configure:2403: result: no
configure:2439: checking for gconftool-2
configure:2457: found /usr/bin/gconftool-2
configure:2470: result: /usr/bin/gconftool-2
configure:2658: creating ./config.status

## ---------------- ##
## Cache variables. ##
## ---------------- ##

ac_cv_env_EMACSLOADPATH_set=
ac_cv_env_EMACSLOADPATH_value=
ac_cv_env_EMACS_set=
ac_cv_env_EMACS_value=
ac_cv_env_build_alias_set=
ac_cv_env_build_alias_value=
ac_cv_env_host_alias_set=
ac_cv_env_host_alias_value=
ac_cv_env_target_alias_set=
ac_cv_env_target_alias_value=
ac_cv_path_GCONFTOOL=/usr/bin/gconftool-2
ac_cv_path_install='/usr/bin/install -c'
ac_cv_path_mkdir=/bin/mkdir
ac_cv_prog_AWK=gawk
ac_cv_prog_EMACS=emacs
ac_cv_prog_make_make_set=yes
am_cv_lispdir='${datarootdir}/emacs/site-lisp'
ax_cv_emacs_lib_hex_util=yes
ax_cv_emacs_lib_hexrgb=no
ax_cv_emacs_lib_sha1=yes
ax_cv_emacs_lib_sha1_el=no

## ----------------- ##
## Output variables. ##
## ----------------- ##

ACLOCAL='${SHELL} /home/xmonraz/profile/emacs/.emacs.d/emacs-jabber-0.8.91/build-aux/missing --run aclocal-1.11'
AMTAR='${SHELL} /home/xmonraz/profile/emacs/.emacs.d/emacs-jabber-0.8.91/build-aux/missing --run tar'
AUTOCONF='${SHELL} /home/xmonraz/profile/emacs/.emacs.d/emacs-jabber-0.8.91/build-aux/missing --run autoconf'
AUTOHEADER='${SHELL} /home/xmonraz/profile/emacs/.emacs.d/emacs-jabber-0.8.91/build-aux/missing --run autoheader'
AUTOMAKE='${SHELL} /home/xmonraz/profile/emacs/.emacs.d/emacs-jabber-0.8.91/build-aux/missing --run automake-1.11'
AWK='gawk'
CYGPATH_W='echo'
DEFS='-DPACKAGE_NAME=\"jabber.el\" -DPACKAGE_TARNAME=\"emacs-jabber\" -DPACKAGE_VERSION=\"0.8.91\" -DPACKAGE_STRING=\"jabber.el\ 0.8.91\" -DPACKAGE_BUGREPORT=\"emacs-jabber-general@lists.sourceforge.net\" -DPACKAGE_URL=\"\" -DPACKAGE=\"emacs-jabber\" -DVERSION=\"0.8.91\"'
ECHO_C=''
ECHO_N='-n'
ECHO_T=''
EMACS='emacs'
EMACSLOADPATH=''
GCONFTOOL='/usr/bin/gconftool-2'
GCONF_SCHEMAS_INSTALL_FALSE=''
GCONF_SCHEMAS_INSTALL_TRUE='#'
INSTALL_DATA='${INSTALL} -m 644'
INSTALL_PROGRAM='${INSTALL}'
INSTALL_SCRIPT='${INSTALL}'
INSTALL_STRIP_PROGRAM='$(install_sh) -c -s'
LIBOBJS=''
LIBS=''
LTLIBOBJS=''
MAKEINFO='${SHELL} /home/xmonraz/profile/emacs/.emacs.d/emacs-jabber-0.8.91/build-aux/missing --run makeinfo'
MKDIR_P='/bin/mkdir -p'
PACKAGE='emacs-jabber'
PACKAGE_BUGREPORT='emacs-jabber-general@lists.sourceforge.net'
PACKAGE_NAME='jabber.el'
PACKAGE_STRING='jabber.el 0.8.91'
PACKAGE_TARNAME='emacs-jabber'
PACKAGE_URL=''
PACKAGE_VERSION='0.8.91'
PATH_SEPARATOR=':'
SET_MAKE=''
SHELL='/bin/bash'
STRIP=''
USE_GCONFTOOL_FALSE='#'
USE_GCONFTOOL_TRUE=''
USE_OUR_HEXRGB_FALSE='#'
USE_OUR_HEXRGB_TRUE=''
USE_OUR_HEX_UTIL_FALSE=''
USE_OUR_HEX_UTIL_TRUE='#'
USE_OUR_SHA1_FALSE=''
USE_OUR_SHA1_TRUE='#'
VERSION='0.8.91'
am__isrc=''
am__leading_dot='.'
am__tar='${AMTAR} chof - "$$tardir"'
am__untar='${AMTAR} xf -'
bindir='${exec_prefix}/bin'
build_alias=''
datadir='${datarootdir}'
datarootdir='${prefix}/share'
docdir='${datarootdir}/doc/${PACKAGE_TARNAME}'
dvidir='${docdir}'
exec_prefix='${prefix}'
host_alias=''
htmldir='${docdir}'
includedir='${prefix}/include'
infodir='${datarootdir}/info'
install_sh='${SHELL} /home/xmonraz/profile/emacs/.emacs.d/emacs-jabber-0.8.91/build-aux/install-sh'
libdir='${exec_prefix}/lib'
libexecdir='${exec_prefix}/libexec'
lispdir='${datarootdir}/emacs/site-lisp'
localedir='${datarootdir}/locale'
localstatedir='${prefix}/var'
mandir='${datarootdir}/man'
mkdir_p='/bin/mkdir -p'
oldincludedir='/usr/include'
pdfdir='${docdir}'
prefix='/usr/local'
program_transform_name='s,x,x,'
psdir='${docdir}'
sbindir='${exec_prefix}/sbin'
sharedstatedir='${prefix}/com'
sysconfdir='${prefix}/etc'
target_alias=''

## ----------- ##
## confdefs.h. ##
## ----------- ##

/* confdefs.h */
#define PACKAGE_NAME "jabber.el"
#define PACKAGE_TARNAME "emacs-jabber"
#define PACKAGE_VERSION "0.8.91"
#define PACKAGE_STRING "jabber.el 0.8.91"
#define PACKAGE_BUGREPORT "emacs-jabber-general@lists.sourceforge.net"
#define PACKAGE_URL ""
#define PACKAGE "emacs-jabber"
#define VERSION "0.8.91"

configure: exit 0

## ---------------------- ##
## Running config.status. ##
## ---------------------- ##

This file was extended by jabber.el config.status 0.8.91, which was
generated by GNU Autoconf 2.65.  Invocation command line was

  CONFIG_FILES    = 
  CONFIG_HEADERS  = 
  CONFIG_LINKS    = 
  CONFIG_COMMANDS = 
  $ ./config.status 

on falcon2

config.status:758: creating Makefile
config.status:758: creating tests/Makefile
config.status:758: creating gconf/Makefile
config.status:758: creating jabber-ourversion.el
